<?xml version="1.0" encoding="UTF-8"?>
<!-- Generated by org.testng.reporters.JUnitXMLReporter -->
<testsuite ignored="0" hostname="LAPTOP-5D2VBBGP" failures="0" tests="5" name="Default test" time="30.097" errors="0" timestamp="2024-07-29T14:53:29 IST">
  <testcase classname="practice.data_provider_practice" name="login" time="7.959"/>
  <testcase classname="practice.data_provider_practice" name="login" time="6.567"/>
  <testcase classname="practice.data_provider_practice" name="login" time="6.473"/>
  <testcase classname="practice.data_provider_practice" name="login" time="6.937"/>
  <testcase classname="practice.data_provider_practice" name="logo" time="0.062"/>
</testsuite> <!-- Default test -->
