<?xml version="1.0" encoding="UTF-8"?>
<!-- Generated by org.testng.reporters.JUnitXMLReporter -->
<testsuite ignored="0" hostname="LAPTOP-5D2VBBGP" failures="1" tests="3" name="chromeTest" time="17.182" errors="0" timestamp="2024-07-10T12:12:31 IST">
  <testcase classname="dataProvider.parameterizedDemo" name="currentUrl" time="0.012"/>
  <testcase classname="dataProvider.parameterizedDemo" name="testLogo" time="0.835">
    <failure type="java.lang.AssertionError" message="expected [true] but found [false]">
      <![CDATA[java.lang.AssertionError: expected [true] but found [false]
at dataProvider.parameterizedDemo.testLogo(parameterizedDemo.java:35)
at java.base/java.util.ArrayList.forEach(ArrayList.java:1597)
at java.base/java.util.concurrent.FutureTask.run(FutureTask.java:317)
at java.base/java.util.concurrent.ThreadPoolExecutor.runWorker(ThreadPoolExecutor.java:1144)
at java.base/java.util.concurrent.ThreadPoolExecutor$Worker.run(ThreadPoolExecutor.java:642)
at java.base/java.lang.Thread.run(Thread.java:1570)
... Removed 22 stack frames]]>
    </failure>
  </testcase> <!-- testLogo -->
  <testcase classname="dataProvider.parameterizedDemo" name="testTitle" time="0.011"/>
</testsuite> <!-- chromeTest -->
