<?xml version="1.0" encoding="UTF-8"?>
<!-- Generated by org.testng.reporters.JUnitXMLReporter -->
<testsuite ignored="4" hostname="LAPTOP-5D2VBBGP" failures="0" tests="4" name="Test" time="0.063" errors="0" timestamp="2024-08-07T17:13:52 IST">
  <testcase classname="grouping.payment" name="paymentbyPaytm" time="0.01"/>
  <testcase classname="grouping.signUp" name="signUpbyEmail" time="0.001"/>
  <testcase classname="grouping.SignIn" name="signInByGoogle" time="0.001"/>
  <testcase classname="grouping.SignIn" name="signInbyFacebook" time="0.001"/>
  <testcase classname="grouping.signUp" name="signUpbyFacebook" time="0.0">
    <ignored/>
  </testcase> <!-- signUpbyFacebook -->
  <testcase classname="grouping.SignIn" name="signInbyEmail" time="0.0">
    <ignored/>
  </testcase> <!-- signInbyEmail -->
  <testcase classname="grouping.signUp" name="signUpbyGoogle" time="0.0">
    <ignored/>
  </testcase> <!-- signUpbyGoogle -->
  <testcase classname="grouping.payment" name="paymentbyGpay" time="0.0">
    <ignored/>
  </testcase> <!-- paymentbyGpay -->
</testsuite> <!-- Test -->
