<?xml version="1.0" encoding="UTF-8"?>
<testng-results ignored="4" total="8" passed="4" failed="0" skipped="0">
  <reporter-output>
  </reporter-output>
  <suite started-at="2024-08-07T17:13:51 IST" name="Suite" finished-at="2024-08-07T17:13:51 IST" duration-ms="63">
    <groups>
      <group name="Functional">
        <method signature="SignIn.signInByGoogle()[pri:2, instance:grouping.SignIn@67d48005]" name="signInByGoogle" class="grouping.SignIn"/>
        <method signature="SignIn.signInbyFacebook()[pri:3, instance:grouping.SignIn@67d48005]" name="signInbyFacebook" class="grouping.SignIn"/>
        <method signature="payment.paymentbyPaytm()[pri:2, instance:grouping.payment@4466af20]" name="paymentbyPaytm" class="grouping.payment"/>
        <method signature="signUp.signUpbyEmail()[pri:1, instance:grouping.signUp@294425a7]" name="signUpbyEmail" class="grouping.signUp"/>
      </group> <!-- Functional -->
      <group name="Smoke">
        <method signature="SignIn.signInByGoogle()[pri:2, instance:grouping.SignIn@67d48005]" name="signInByGoogle" class="grouping.SignIn"/>
      </group> <!-- Smoke -->
    </groups>
    <test started-at="2024-08-07T17:13:51 IST" name="Test" finished-at="2024-08-07T17:13:51 IST" duration-ms="63">
      <class name="grouping.payment">
        <test-method signature="paymentbyPaytm()[pri:2, instance:grouping.payment@4466af20]" started-at="2024-08-07T17:13:51 IST" name="paymentbyPaytm" finished-at="2024-08-07T17:13:51 IST" duration-ms="10" status="PASS">
          <reporter-output>
          </reporter-output>
        </test-method> <!-- paymentbyPaytm -->
      </class> <!-- grouping.payment -->
      <class name="grouping.signUp">
        <test-method signature="signUpbyEmail()[pri:1, instance:grouping.signUp@294425a7]" started-at="2024-08-07T17:13:51 IST" name="signUpbyEmail" finished-at="2024-08-07T17:13:51 IST" duration-ms="1" status="PASS">
          <reporter-output>
          </reporter-output>
        </test-method> <!-- signUpbyEmail -->
      </class> <!-- grouping.signUp -->
      <class name="grouping.SignIn">
        <test-method signature="signInByGoogle()[pri:2, instance:grouping.SignIn@67d48005]" started-at="2024-08-07T17:13:51 IST" name="signInByGoogle" finished-at="2024-08-07T17:13:51 IST" duration-ms="1" status="PASS">
          <reporter-output>
          </reporter-output>
        </test-method> <!-- signInByGoogle -->
        <test-method signature="signInbyFacebook()[pri:3, instance:grouping.SignIn@67d48005]" started-at="2024-08-07T17:13:51 IST" name="signInbyFacebook" finished-at="2024-08-07T17:13:51 IST" duration-ms="1" status="PASS">
          <reporter-output>
          </reporter-output>
        </test-method> <!-- signInbyFacebook -->
      </class> <!-- grouping.SignIn -->
    </test> <!-- Test -->
  </suite> <!-- Suite -->
</testng-results>
